0 info it worked if it ends with ok
1 verbose cli [ 'D:\\development tool\\nodejs\\node.exe',
1 verbose cli   'D:\\development tool\\nodejs\\node_modules\\npm\\bin\\npm-cli.js',
1 verbose cli   'start' ]
2 info using npm@3.10.10
3 info using node@v6.11.2
4 verbose stack Error: ENOENT: no such file or directory, open 'D:\shareFiles\fabric-manage-1.0.0-rc1\package.json'
4 verbose stack     at Error (native)
5 verbose cwd D:\shareFiles\fabric-manage-1.0.0-rc1
6 error Windows_NT 10.0.15063
7 error argv "D:\\development tool\\nodejs\\node.exe" "D:\\development tool\\nodejs\\node_modules\\npm\\bin\\npm-cli.js" "start"
8 error node v6.11.2
9 error npm  v3.10.10
10 error path D:\shareFiles\fabric-manage-1.0.0-rc1\package.json
11 error code ENOENT
12 error errno -4058
13 error syscall open
14 error enoent ENOENT: no such file or directory, open 'D:\shareFiles\fabric-manage-1.0.0-rc1\package.json'
15 error enoent ENOENT: no such file or directory, open 'D:\shareFiles\fabric-manage-1.0.0-rc1\package.json'
15 error enoent This is most likely not a problem with npm itself
15 error enoent and is related to npm not being able to find a file.
16 verbose exit [ -4058, true ]
